<?xml version="1.0" encoding="UTF-8"?>
<!-- Generated by org.testng.reporters.JUnitXMLReporter -->
<testsuite hostname="iMac.local" ignored="0" name="Default test" tests="4" failures="0" timestamp="2022-11-27T02:41:38 NZDT" time="153.734" errors="0">
  <testcase name="SearchBMW" time="18.876" classname="UI.MotorSearch"/>
  <testcase name="SearchFerrari" time="17.094" classname="UI.MotorSearch"/>
  <testcase name="SearchHonda" time="17.974" classname="UI.MotorSearch"/>
  <testcase name="SearchMazda" time="17.393" classname="UI.MotorSearch"/>
</testsuite> <!-- Default test -->
